<?xml version="1.0" encoding="UTF-8"?>
<!-- Generated by org.testng.reporters.JUnitReportReporter -->
<testsuite skipped="0" hostname="DESKTOP-H11KTUE" name="com.crm.qa.test.LoginPageTest" tests="3" failures="0" timestamp="20 Oct 2020 07:29:32 GMT" time="10.648" errors="0">
  <testcase name="imageTest" time="0.150" classname="com.crm.qa.test.LoginPageTest"/>
  <testcase name="loginTest" time="10.470" classname="com.crm.qa.test.LoginPageTest"/>
  <testcase name="currentUrlTest" time="0.028" classname="com.crm.qa.test.LoginPageTest"/>
</testsuite> <!-- com.crm.qa.test.LoginPageTest -->
