<?xml version="1.0" encoding="UTF-8"?>
<!-- Generated by org.testng.reporters.JUnitReportReporter -->
<testsuite skipped="0" hostname="DESKTOP-H11KTUE" name="com.crm.qa.test.LoginPageTest" tests="3" failures="0" timestamp="20 Oct 2020 07:50:44 GMT" time="10.491" errors="0">
  <testcase name="currentUrlTest" time="0.014" classname="com.crm.qa.test.LoginPageTest"/>
  <testcase name="imageTest" time="0.121" classname="com.crm.qa.test.LoginPageTest"/>
  <testcase name="loginTest" time="10.356" classname="com.crm.qa.test.LoginPageTest"/>
</testsuite> <!-- com.crm.qa.test.LoginPageTest -->
